android/app/build/outputs/logs/manifest-merger-release-report.txt
-- Merging decision tree log ---
application
INJECTED from src/main/AndroidManifest.xml:53:5-122:19
INJECTED from src/main/AndroidManifest.xml:53:5-122:19
MERGED from [:firebase_messaging] AndroidManifest.xml:13:5-46:19
MERGED from [:firebase_messaging] AndroidManifest.xml:13:5-46:19
MERGED from [:firebase_core] AndroidManifest.xml:7:5-13:19
MERGED from [:firebase_core] AndroidManifest.xml:7:5-13:19
MERGED from [:flutter_inappwebview_android] AndroidManifest.xml:13:5-46:19
MERGED from [:flutter_inappwebview_android] AndroidManifest.xml:13:5-46:19
MERGED from [:image_picker_android] AndroidManifest.xml:8:5-32:19
MERGED from [:image_picker_android] AndroidManifest.xml:8:5-32:19
MERGED from [:open_file_android] AndroidManifest.xml:8:5-20:19
MERGED from [:open_file_android] AndroidManifest.xml:8:5-20:19
MERGED from [:share_plus] AndroidManifest.xml:7:5-33:19
MERGED from [:share_plus] AndroidManifest.xml:7:5-33:19
MERGED from [:url_launcher_android] AndroidManifest.xml:7:5-12:19
MERGED from [:url_launcher_android] AndroidManifest.xml:7:5-12:19
MERGED from [com.google.firebase:firebase-messaging:24.0.0] AndroidManifest.xml:28:5-64:19
MERGED from [com.google.firebase:firebase-messaging:24.0.0] AndroidManifest.xml:28:5-64:19
MERGED from [com.google.firebase:firebase-installations:18.0.0] AndroidManifest.xml:11:5-22:19
MERGED from [com.google.firebase:firebase-installations:18.0.0] AndroidManifest.xml:11:5-22:19
MERGED from [com.google.firebase:firebase-common-ktx:21.0.0] AndroidManifest.xml:8:5-16:19
MERGED from [com.google.firebase:firebase-common-ktx:21.0.0] AndroidManifest.xml:8:5-16:19
MERGED from [com.facebook.android:facebook-android-sdk:8.2.0] AndroidManifest.xml:28:5-29:19
MERGED from [com.facebook.android:facebook-android-sdk:8.2.0] AndroidManifest.xml:28:5-29:19
MERGED from [com.facebook.android:facebook-login:17.0.0] AndroidManifest.xml:16:5-17:19
MERGED from [com.facebook.android:facebook-login:17.0.0] AndroidManifest.xml:16:5-17:19
MERGED from [com.facebook.android:facebook-gamingservices:8.2.0] AndroidManifest.xml:28:5-29:19
MERGED from [com.facebook.android:facebook-gamingservices:8.2.0] AndroidManifest.xml:28:5-29:19
MERGED from [com.facebook.android:facebook-share:8.2.0] AndroidManifest.xml:28:5-29:19
MERGED from [com.facebook.android:facebook-share:8.2.0] AndroidManifest.xml:28:5-29:19
MERGED from [com.facebook.android:facebook-common:17.0.0] AndroidManifest.xml:21:5-42:19
MERGED from [com.facebook.android:facebook-common:17.0.0] AndroidManifest.xml:21:5-42:19
MERGED from [com.google.android.gms:play-services-auth:21.0.0] AndroidManifest.xml:22:5-38:19
MERGED from [com.google.android.gms:play-services-auth:21.0.0] AndroidManifest.xml:22:5-38:19
MERGED from [com.google.firebase:firebase-common:21.0.0] AndroidManifest.xml:22:5-39:19
MERGED from [com.google.firebase:firebase-common:21.0.0] AndroidManifest.xml:22:5-39:19
MERGED from [com.google.firebase:firebase-iid-interop:17.1.0] AndroidManifest.xml:7:5-8:19
MERGED from [com.google.firebase:firebase-iid-interop:17.1.0] AndroidManifest.xml:7:5-8:19
MERGED from [com.google.android.gms:play-services-fido:20.0.1] AndroidManifest.xml:7:5-8:19
MERGED from [com.google.android.gms:play-services-fido:20.0.1] AndroidManifest.xml:7:5-8:19
MERGED from [com.google.android.gms:play-services-base:18.0.1] AndroidManifest.xml:19:5-23:19
MERGED from [com.google.android.gms:play-services-base:18.0.1] AndroidManifest.xml:19:5-23:19
MERGED from [androidx.window:window:1.2.0] AndroidManifest.xml:22:5-29:19
MERGED from [androidx.window:window:1.2.0] AndroidManifest.xml:22:5-29:19
MERGED from [com.google.android.gms:play-services-tasks:18.1.0] AndroidManifest.xml:5:5-20
MERGED from [com.google.android.gms:play-services-tasks:18.1.0] AndroidManifest.xml:5:5-20
MERGED from [com.google.firebase:firebase-measurement-connector:19.0.0] AndroidManifest.xml:22:5-23:19
MERGED from [com.google.firebase:firebase-measurement-connector:19.0.0] AndroidManifest.xml:22:5-23:19
MERGED from [com.google.android.gms:play-services-stats:17.0.2] AndroidManifest.xml:7:5-20
MERGED from [com.google.android.gms:play-services-stats:17.0.2] AndroidManifest.xml:7:5-20
MERGED from [com.google.android.gms:play-services-basement:18.3.0] AndroidManifest.xml:20:5-24:19
MERGED from [com.google.android.gms:play-services-basement:18.3.0] AndroidManifest.xml:20:5-24:19
MERGED from [androidx.emoji2:emoji2:1.2.0] AndroidManifest.xml:23:5-33:19
MERGED from [androidx.emoji2:emoji2:1.2.0] AndroidManifest.xml:23:5-33:19
MERGED from [com.facebook.android:facebook-applinks:8.2.0] AndroidManifest.xml:28:5-29:19
MERGED from [com.facebook.android:facebook-applinks:8.2.0] AndroidManifest.xml:28:5-29:19
MERGED from [com.facebook.android:facebook-messenger:8.2.0] AndroidManifest.xml:28:5-29:19
MERGED from [com.facebook.android:facebook-messenger:8.2.0] AndroidManifest.xml:28:5-29:19
MERGED from [com.facebook.android:facebook-core:17.0.0] AndroidManifest.xml:18:5-48:19
MERGED from [com.facebook.android:facebook-core:17.0.0] AndroidManifest.xml:18:5-48:19
MERGED from [androidx.lifecycle:lifecycle-process:2.7.0] AndroidManifest.xml:23:5-33:19
MERGED from [androidx.lifecycle:lifecycle-process:2.7.0] AndroidManifest.xml:23:5-33:19
MERGED from [com.facebook.android:facebook-bolts:17.0.0] AndroidManifest.xml:16:5-17:19
MERGED from [com.facebook.android:facebook-bolts:17.0.0] AndroidManifest.xml:16:5-17:19
MERGED from [androidx.core:core:1.13.1] AndroidManifest.xml:28:5-89
MERGED from [androidx.core:core:1.13.1] AndroidManifest.xml:28:5-89
MERGED from [com.google.firebase:firebase-datatransport:18.2.0] AndroidManifest.xml:21:5-29:19
MERGED from [com.google.firebase:firebase-datatransport:18.2.0] AndroidManifest.xml:21:5-29:19
MERGED from [com.google.android.datatransport:transport-backend-cct:3.1.9] AndroidManifest.xml:27:5-35:19
MERGED from [com.google.android.datatransport:transport-backend-cct:3.1.9] AndroidManifest.xml:27:5-35:19
MERGED from [com.google.android.datatransport:transport-runtime:3.1.9] AndroidManifest.xml:25:5-39:19
MERGED from [com.google.android.datatransport:transport-runtime:3.1.9] AndroidManifest.xml:25:5-39:19
MERGED from [androidx.profileinstaller:profileinstaller:1.3.1] AndroidManifest.xml:23:5-53:19
MERGED from [androidx.profileinstaller:profileinstaller:1.3.1] AndroidManifest.xml:23:5-53:19
MERGED from [androidx.startup:startup-runtime:1.1.1] AndroidManifest.xml:25:5-31:19
MERGED from [androidx.startup:startup-runtime:1.1.1] AndroidManifest.xml:25:5-31:19
MERGED from [androidx.versionedparcelable:versionedparcelable:1.1.1] AndroidManifest.xml:24:5-25:19
MERGED from [androidx.versionedparcelable:versionedparcelable:1.1.1] AndroidManifest.xml:24:5-25:19
MERGED from [com.android.installreferrer:installreferrer:1.0] AndroidManifest.xml:11:5-20
MERGED from [com.android.installreferrer:installreferrer:1.0] AndroidManifest.xml:11:5-20
	android:extractNativeLibs
		INJECTED from src/main/AndroidManifest.xml
	android:appComponentFactory
		ADDED from [androidx.core:core:1.13.1] AndroidManifest.xml:28:18-86
	android:supportsRtl
		ADDED from [com.facebook.android:facebook-android-sdk:8.2.0] AndroidManifest.xml:28:18-44
	android:label
		ADDED from src/main/AndroidManifest.xml:54:9-38
	android:icon
		ADDED from src/main/AndroidManifest.xml:57:9-43
	android:usesCleartextTraffic
		ADDED from src/main/AndroidManifest.xml:55:9-44
	android:name
		INJECTED from src/main/AndroidManifest.xml
		ADDED from src/main/AndroidManifest.xml:56:9-42
provider#com.pichillilorenzo.flutter_inappwebview_android.InAppWebViewFileProvider
INJECTED from src/main/AndroidManifest.xml:101:9-109:20
	android:grantUriPermissions
		ADDED from src/main/AndroidManifest.xml:105:13-47
	android:authorities
		INJECTED from src/main/AndroidManifest.xml
		ADDED from src/main/AndroidManifest.xml:103:13-93
	android:exported
		ADDED from src/main/AndroidManifest.xml:104:13-37
	android:name
		ADDED from src/main/AndroidManifest.xml:102:13-101
manifest
ADDED from src/main/AndroidManifest.xml:1:1-124:12
INJECTED from src/main/AndroidManifest.xml:1:1-124:12
INJECTED from src/main/AndroidManifest.xml:1:1-124:12
INJECTED from src/main/AndroidManifest.xml:1:1-124:12
MERGED from [:add_2_calendar] AndroidManifest.xml:2:1-7:12
MERGED from [:just_audio] AndroidManifest.xml:2:1-7:12
MERGED from [:audio_session] AndroidManifest.xml:2:1-7:12
MERGED from [:connectivity_plus] AndroidManifest.xml:2:1-9:12
MERGED from [:syncfusion_flutter_pdfviewer] AndroidManifest.xml:2:1-7:12
MERGED from [:device_info_plus] AndroidManifest.xml:2:1-7:12
MERGED from [:file_picker] AndroidManifest.xml:2:1-19:12
MERGED from [:firebase_messaging] AndroidManifest.xml:2:1-48:12
MERGED from [:firebase_core] AndroidManifest.xml:2:1-15:12
MERGED from [:flutter_facebook_auth] AndroidManifest.xml:2:1-7:12
MERGED from [:flutter_image_compress_common] AndroidManifest.xml:2:1-10:12
MERGED from [:flutter_inappwebview_android] AndroidManifest.xml:2:1-48:12
MERGED from [:flutter_local_notifications] AndroidManifest.xml:2:1-10:12
MERGED from [:flutter_native_splash] AndroidManifest.xml:2:1-7:12
MERGED from [:image_picker_android] AndroidManifest.xml:2:1-34:12
MERGED from [:flutter_plugin_android_lifecycle] AndroidManifest.xml:2:1-7:12
MERGED from [:flutter_secure_storage] AndroidManifest.xml:2:1-10:12
MERGED from [:flutter_tts] AndroidManifest.xml:2:1-7:12
MERGED from [:google_sign_in_android] AndroidManifest.xml:2:1-9:12
MERGED from [:open_file_android] AndroidManifest.xml:2:1-22:12
MERGED from [:wakelock_plus] AndroidManifest.xml:2:1-7:12
MERGED from [:package_info_plus] AndroidManifest.xml:2:1-7:12
MERGED from [:path_provider_android] AndroidManifest.xml:2:1-7:12
MERGED from [:permission_handler_android] AndroidManifest.xml:2:1-7:12
MERGED from [:share_plus] AndroidManifest.xml:2:1-35:12
MERGED from [:shared_preferences_android] AndroidManifest.xml:2:1-7:12
MERGED from [:sqflite] AndroidManifest.xml:2:1-7:12
MERGED from [:uni_links] AndroidManifest.xml:2:1-7:12
MERGED from [:url_launcher_android] AndroidManifest.xml:2:1-14:12
MERGED from [:video_player_android] AndroidManifest.xml:2:1-7:12
MERGED from [:wakelock] AndroidManifest.xml:2:1-7:12
MERGED from [:webview_flutter_android] AndroidManifest.xml:2:1-7:12
MERGED from [com.google.firebase:firebase-messaging:24.0.0] AndroidManifest.xml:17:1-66:12
MERGED from [com.google.firebase:firebase-installations:18.0.0] AndroidManifest.xml:2:1-24:12
MERGED from [com.google.firebase:firebase-common-ktx:21.0.0] AndroidManifest.xml:2:1-18:12
MERGED from [com.facebook.android:facebook-android-sdk:8.2.0] AndroidManifest.xml:21:1-31:12
MERGED from [com.facebook.android:facebook-login:17.0.0] AndroidManifest.xml:9:1-19:12
MERGED from [com.facebook.android:facebook-gamingservices:8.2.0] AndroidManifest.xml:21:1-31:12
MERGED from [com.facebook.android:facebook-share:8.2.0] AndroidManifest.xml:21:1-31:12
MERGED from [com.facebook.android:facebook-common:17.0.0] AndroidManifest.xml:9:1-44:12
MERGED from [androidx.appcompat:appcompat-resources:1.6.1] AndroidManifest.xml:17:1-22:12
MERGED from [androidx.appcompat:appcompat:1.6.1] AndroidManifest.xml:17:1-22:12
MERGED from [androidx.webkit:webkit:1.8.0] AndroidManifest.xml:2:1-7:12
MERGED from [androidx.legacy:legacy-support-v4:1.0.0] AndroidManifest.xml:17:1-22:12
MERGED from [androidx.legacy:legacy-support-core-ui:1.0.0] AndroidManifest.xml:17:1-22:12
MERGED from [androidx.swiperefreshlayout:swiperefreshlayout:1.1.0] AndroidManifest.xml:17:1-24:12
MERGED from [com.google.android.gms:play-services-auth:21.0.0] AndroidManifest.xml:17:1-40:12
MERGED from [com.google.firebase:firebase-common:21.0.0] AndroidManifest.xml:15:1-41:12
MERGED from [com.google.firebase:firebase-iid-interop:17.1.0] AndroidManifest.xml:2:1-10:12
MERGED from [com.google.android.gms:play-services-auth-api-phone:18.0.2] AndroidManifest.xml:2:1-7:12
MERGED from [com.google.android.gms:play-services-auth-base:18.0.10] AndroidManifest.xml:2:1-7:12
MERGED from [com.google.android.gms:play-services-fido:20.0.1] AndroidManifest.xml:2:1-10:12
MERGED from [com.google.android.gms:play-services-base:18.0.1] AndroidManifest.xml:16:1-24:12
MERGED from [com.google.android.gms:play-services-cloud-messaging:17.2.0] AndroidManifest.xml:2:1-13:12
MERGED from [com.google.firebase:firebase-installations-interop:17.1.1] AndroidManifest.xml:15:1-19:12
MERGED from [androidx.datastore:datastore-preferences:1.0.0] AndroidManifest.xml:17:1-24:12
MERGED from [androidx.datastore:datastore:1.0.0] AndroidManifest.xml:17:1-24:12
MERGED from [androidx.window:window:1.2.0] AndroidManifest.xml:17:1-31:12
MERGED from [androidx.window:window-java:1.2.0] AndroidManifest.xml:17:1-21:12
MERGED from [com.google.android.gms:play-services-tasks:18.1.0] AndroidManifest.xml:2:1-6:12
MERGED from [com.google.firebase:firebase-measurement-connector:19.0.0] AndroidManifest.xml:17:1-25:12
MERGED from [com.google.android.gms:play-services-stats:17.0.2] AndroidManifest.xml:2:1-9:12
MERGED from [com.google.android.gms:play-services-basement:18.3.0] AndroidManifest.xml:16:1-26:12
MERGED from [androidx.fragment:fragment:1.7.1] AndroidManifest.xml:2:1-7:12
MERGED from [androidx.activity:activity:1.9.1] AndroidManifest.xml:17:1-22:12
MERGED from [com.google.android.exoplayer:exoplayer-dash:2.18.7] AndroidManifest.xml:17:1-24:12
MERGED from [com.google.android.exoplayer:exoplayer-hls:2.18.7] AndroidManifest.xml:17:1-24:12
MERGED from [com.google.android.exoplayer:exoplayer-smoothstreaming:2.18.7] AndroidManifest.xml:17:1-24:12
MERGED from [com.google.android.exoplayer:exoplayer-core:2.18.7] AndroidManifest.xml:17:1-26:12
MERGED from [androidx.browser:browser:1.8.0] AndroidManifest.xml:2:1-7:12
MERGED from [androidx.media3:media3-extractor:1.4.1] AndroidManifest.xml:17:1-22:12
MERGED from [androidx.media3:media3-container:1.4.1] AndroidManifest.xml:17:1-22:12
MERGED from [androidx.media3:media3-datasource:1.4.1] AndroidManifest.xml:17:1-22:12
MERGED from [androidx.media3:media3-decoder:1.4.1] AndroidManifest.xml:17:1-22:12
MERGED from [androidx.media3:media3-database:1.4.1] AndroidManifest.xml:17:1-22:12
MERGED from [androidx.media3:media3-common:1.4.1] AndroidManifest.xml:17:1-24:12
MERGED from [androidx.media3:media3-exoplayer-hls:1.4.1] AndroidManifest.xml:17:1-22:12
MERGED from [androidx.media3:media3-exoplayer-dash:1.4.1] AndroidManifest.xml:17:1-22:12
MERGED from [androidx.media3:media3-exoplayer-rtsp:1.4.1] AndroidManifest.xml:17:1-22:12
MERGED from [androidx.media3:media3-exoplayer-smoothstreaming:1.4.1] AndroidManifest.xml:17:1-22:12
MERGED from [androidx.media3:media3-exoplayer:1.4.1] AndroidManifest.xml:17:1-24:12
MERGED from [androidx.media2:media2-session:1.2.1] AndroidManifest.xml:17:1-36:12
MERGED from [androidx.media2:media2-common:1.2.1] AndroidManifest.xml:17:1-24:12
MERGED from [androidx.drawerlayout:drawerlayout:1.0.0] AndroidManifest.xml:17:1-22:12
MERGED from [androidx.emoji2:emoji2-views-helper:1.2.0] AndroidManifest.xml:2:1-7:12
MERGED from [androidx.emoji2:emoji2:1.2.0] AndroidManifest.xml:17:1-35:12
MERGED from [com.facebook.android:facebook-applinks:8.2.0] AndroidManifest.xml:21:1-31:12
MERGED from [com.facebook.android:facebook-messenger:8.2.0] AndroidManifest.xml:21:1-31:12
MERGED from [com.facebook.android:facebook-core:17.0.0] AndroidManifest.xml:9:1-50:12
MERGED from [androidx.legacy:legacy-support-core-utils:1.0.0] AndroidManifest.xml:17:1-22:12
MERGED from [androidx.loader:loader:1.1.0] AndroidManifest.xml:17:1-24:12
MERGED from [androidx.lifecycle:lifecycle-livedata-core:2.7.0] AndroidManifest.xml:17:1-22:12
MERGED from [androidx.lifecycle:lifecycle-viewmodel:2.7.0] AndroidManifest.xml:17:1-22:12
MERGED from [androidx.lifecycle:lifecycle-process:2.7.0] AndroidManifest.xml:17:1-35:12
MERGED from [androidx.lifecycle:lifecycle-viewmodel-savedstate:2.7.0] AndroidManifest.xml:17:1-22:12
MERGED from [com.facebook.android:facebook-bolts:17.0.0] AndroidManifest.xml:9:1-19:12
MERGED from [androidx.core:core-ktx:1.13.1] AndroidManifest.xml:2:1-7:12
MERGED from [androidx.viewpager:viewpager:1.0.0] AndroidManifest.xml:17:1-22:12
MERGED from [androidx.media:media:1.4.1] AndroidManifest.xml:17:1-30:12
MERGED from [androidx.vectordrawable:vectordrawable-animated:1.1.0] AndroidManifest.xml:17:1-24:12
MERGED from [androidx.vectordrawable:vectordrawable:1.1.0] AndroidManifest.xml:17:1-24:12
MERGED from [androidx.coordinatorlayout:coordinatorlayout:1.0.0] AndroidManifest.xml:17:1-22:12
MERGED from [androidx.slidingpanelayout:slidingpanelayout:1.0.0] AndroidManifest.xml:17:1-22:12
MERGED from [androidx.customview:customview:1.0.0] AndroidManifest.xml:17:1-22:12
MERGED from [androidx.asynclayoutinflater:asynclayoutinflater:1.0.0] AndroidManifest.xml:17:1-22:12
MERGED from [androidx.core:core:1.13.1] AndroidManifest.xml:17:1-30:12
MERGED from [androidx.lifecycle:lifecycle-runtime:2.7.0] AndroidManifest.xml:2:1-7:12
MERGED from [androidx.savedstate:savedstate:1.2.1] AndroidManifest.xml:17:1-22:12
MERGED from [com.google.firebase:firebase-datatransport:18.2.0] AndroidManifest.xml:15:1-31:12
MERGED from [com.google.android.datatransport:transport-backend-cct:3.1.9] AndroidManifest.xml:15:1-37:12
MERGED from [com.google.firebase:firebase-encoders-json:18.0.0] AndroidManifest.xml:15:1-23:12
MERGED from [com.google.android.datatransport:transport-runtime:3.1.9] AndroidManifest.xml:15:1-41:12
MERGED from [androidx.annotation:annotation-experimental:1.4.0] AndroidManifest.xml:2:1-7:12
MERGED from [androidx.localbroadcastmanager:localbroadcastmanager:1.1.0] AndroidManifest.xml:17:1-24:12
MERGED from [androidx.heifwriter:heifwriter:1.0.0] AndroidManifest.xml:17:1-22:12
MERGED from [androidx.security:security-crypto:1.1.0-alpha06] AndroidManifest.xml:17:1-22:12
MERGED from [androidx.exifinterface:exifinterface:1.3.7] AndroidManifest.xml:17:1-24:12
MERGED from [androidx.profileinstaller:profileinstaller:1.3.1] AndroidManifest.xml:17:1-55:12
MERGED from [androidx.startup:startup-runtime:1.1.1] AndroidManifest.xml:17:1-33:12
MERGED from [androidx.tracing:tracing:1.2.0] AndroidManifest.xml:17:1-22:12
MERGED from [com.google.firebase:firebase-components:18.0.0] AndroidManifest.xml:15:1-20:12
MERGED from [com.google.android.datatransport:transport-api:3.1.0] AndroidManifest.xml:15:1-20:12
MERGED from [androidx.cursoradapter:cursoradapter:1.0.0] AndroidManifest.xml:17:1-22:12
MERGED from [androidx.interpolator:interpolator:1.0.0] AndroidManifest.xml:17:1-22:12
MERGED from [androidx.versionedparcelable:versionedparcelable:1.1.1] AndroidManifest.xml:17:1-27:12
MERGED from [com.google.android.exoplayer:exoplayer-datasource:2.18.7] AndroidManifest.xml:17:1-24:12
MERGED from [com.google.android.exoplayer:exoplayer-extractor:2.18.7] AndroidManifest.xml:17:1-24:12
MERGED from [com.google.android.exoplayer:exoplayer-decoder:2.18.7] AndroidManifest.xml:17:1-24:12
MERGED from [com.google.android.exoplayer:exoplayer-database:2.18.7] AndroidManifest.xml:17:1-24:12
MERGED from [com.google.android.exoplayer:exoplayer-common:2.18.7] AndroidManifest.xml:17:1-26:12
MERGED from [androidx.arch.core:core-runtime:2.2.0] AndroidManifest.xml:17:1-22:12
MERGED from [androidx.cardview:cardview:1.0.0] AndroidManifest.xml:17:1-22:12
MERGED from [androidx.documentfile:documentfile:1.0.0] AndroidManifest.xml:17:1-22:12
MERGED from [androidx.print:print:1.0.0] AndroidManifest.xml:17:1-22:12
MERGED from [androidx.window.extensions.core:core:1.0.0] AndroidManifest.xml:2:1-7:12
MERGED from [com.android.installreferrer:installreferrer:1.0] AndroidManifest.xml:2:1-13:12
	package
		INJECTED from src/main/AndroidManifest.xml
	android:versionName
		INJECTED from src/main/AndroidManifest.xml
	xmlns:tools
		ADDED from src/main/AndroidManifest.xml:2:5-51
	android:versionCode
		INJECTED from src/main/AndroidManifest.xml
	xmlns:android
		ADDED from src/main/AndroidManifest.xml:1:11-69
uses-permission#android.permission.INTERNET
ADDED from src/main/AndroidManifest.xml:4:5-66
MERGED from [:firebase_messaging] AndroidManifest.xml:7:5-67
MERGED from [:firebase_messaging] AndroidManifest.xml:7:5-67
MERGED from [:google_sign_in_android] AndroidManifest.xml:7:5-67
MERGED from [:google_sign_in_android] AndroidManifest.xml:7:5-67
MERGED from [com.google.firebase:firebase-installations:18.0.0] AndroidManifest.xml:8:5-67
MERGED from [com.google.firebase:firebase-installations:18.0.0] AndroidManifest.xml:8:5-67
MERGED from [com.google.android.gms:play-services-cloud-messaging:17.2.0] AndroidManifest.xml:8:5-67
MERGED from [com.google.android.gms:play-services-cloud-messaging:17.2.0] AndroidManifest.xml:8:5-67
MERGED from [com.google.android.datatransport:transport-backend-cct:3.1.9] AndroidManifest.xml:25:5-67
MERGED from [com.google.android.datatransport:transport-backend-cct:3.1.9] AndroidManifest.xml:25:5-67
	android:name
		ADDED from src/main/AndroidManifest.xml:4:22-64
uses-permission#android.permission.CAMERA
ADDED from src/main/AndroidManifest.xml:5:5-65
	android:name
		ADDED from src/main/AndroidManifest.xml:5:22-62
uses-permission#android.permission.RECORD_AUDIO
ADDED from src/main/AndroidManifest.xml:6:5-71
	android:name
		ADDED from src/main/AndroidManifest.xml:6:22-68
uses-permission#android.permission.MODIFY_AUDIO_SETTINGS
ADDED from src/main/AndroidManifest.xml:7:5-80
	android:name
		ADDED from src/main/AndroidManifest.xml:7:22-77
uses-permission#android.permission.VIDEO_CAPTURE
ADDED from src/main/AndroidManifest.xml:8:5-72
	android:name
		ADDED from src/main/AndroidManifest.xml:8:22-69
uses-permission#android.permission.AUDIO_CAPTURE
ADDED from src/main/AndroidManifest.xml:9:5-72
	android:name
		ADDED from src/main/AndroidManifest.xml:9:22-69
uses-permission#android.permission.WRITE_CALENDAR
ADDED from src/main/AndroidManifest.xml:12:5-73
	android:name
		ADDED from src/main/AndroidManifest.xml:12:22-70
uses-permission#android.permission.READ_CALENDAR
ADDED from src/main/AndroidManifest.xml:13:5-72
	android:name
		ADDED from src/main/AndroidManifest.xml:13:22-69
uses-permission#android.permission.READ_EXTERNAL_STORAGE
ADDED from src/main/AndroidManifest.xml:14:5-80
MERGED from [:file_picker] AndroidManifest.xml:7:5-9:38
MERGED from [:file_picker] AndroidManifest.xml:7:5-9:38
	android:maxSdkVersion
		ADDED from [:file_picker] AndroidManifest.xml:9:9-35
	android:name
		ADDED from src/main/AndroidManifest.xml:14:22-77
uses-permission#android.permission.WRITE_EXTERNAL_STORAGE
ADDED from src/main/AndroidManifest.xml:15:5-81
	android:name
		ADDED from src/main/AndroidManifest.xml:15:22-78
uses-permission#android.permission.READ_MEDIA_IMAGES
ADDED from src/main/AndroidManifest.xml:18:5-75
	android:name
		ADDED from src/main/AndroidManifest.xml:18:22-73
uses-permission#android.permission.READ_MEDIA_VIDEO
ADDED from src/main/AndroidManifest.xml:19:5-74
	android:name
		ADDED from src/main/AndroidManifest.xml:19:22-72
uses-permission#android.permission.READ_MEDIA_AUDIO
ADDED from src/main/AndroidManifest.xml:20:5-75
	android:name
		ADDED from src/main/AndroidManifest.xml:20:22-72
uses-permission#android.permission.BLUETOOTH
ADDED from src/main/AndroidManifest.xml:23:5-67
	android:name
		ADDED from src/main/AndroidManifest.xml:23:22-65
uses-permission#android.permission.BLUETOOTH_ADMIN
ADDED from src/main/AndroidManifest.xml:24:5-73
	android:name
		ADDED from src/main/AndroidManifest.xml:24:22-71
uses-permission#android.permission.BLUETOOTH_CONNECT
ADDED from src/main/AndroidManifest.xml:25:5-75
	android:name
		ADDED from src/main/AndroidManifest.xml:25:22-73
uses-permission#com.google.android.gms.permission.AD_ID
ADDED from src/main/AndroidManifest.xml:27:5-98
REJECTED from [com.facebook.android:facebook-core:17.0.0] AndroidManifest.xml:16:5-79
	tools:node
		ADDED from src/main/AndroidManifest.xml:27:77-96
	android:name
		ADDED from src/main/AndroidManifest.xml:27:22-76
uses-permission#android.permission.FOREGROUND_SERVICE
ADDED from src/main/AndroidManifest.xml:30:5-77
	android:name
		ADDED from src/main/AndroidManifest.xml:30:22-74
uses-permission#android.permission.POST_NOTIFICATIONS
ADDED from src/main/AndroidManifest.xml:32:5-76
MERGED from [:firebase_messaging] AndroidManifest.xml:11:5-77
MERGED from [:firebase_messaging] AndroidManifest.xml:11:5-77
MERGED from [:flutter_local_notifications] AndroidManifest.xml:8:5-77
MERGED from [:flutter_local_notifications] AndroidManifest.xml:8:5-77
MERGED from [com.google.firebase:firebase-messaging:24.0.0] AndroidManifest.xml:23:5-77
MERGED from [com.google.firebase:firebase-messaging:24.0.0] AndroidManifest.xml:23:5-77
	android:name
		ADDED from src/main/AndroidManifest.xml:32:22-74
uses-permission#android.permission.USE_FULL_SCREEN_INTENT
ADDED from src/main/AndroidManifest.xml:33:5-81
	android:name
		ADDED from src/main/AndroidManifest.xml:33:22-78
uses-permission#android.permission.RECEIVE_BOOT_COMPLETED
ADDED from src/main/AndroidManifest.xml:34:5-80
	android:name
		ADDED from src/main/AndroidManifest.xml:34:22-78
queries
ADDED from src/main/AndroidManifest.xml:36:5-47:15
MERGED from [:file_picker] AndroidManifest.xml:11:5-17:15
MERGED from [:file_picker] AndroidManifest.xml:11:5-17:15
MERGED from [:flutter_inappwebview_android] AndroidManifest.xml:7:5-11:15
MERGED from [:flutter_inappwebview_android] AndroidManifest.xml:7:5-11:15
MERGED from [com.facebook.android:facebook-common:17.0.0] AndroidManifest.xml:17:5-19:15
MERGED from [com.facebook.android:facebook-common:17.0.0] AndroidManifest.xml:17:5-19:15
MERGED from [androidx.media2:media2-session:1.2.1] AndroidManifest.xml:24:5-34:15
MERGED from [androidx.media2:media2-session:1.2.1] AndroidManifest.xml:24:5-34:15
MERGED from [androidx.media:media:1.4.1] AndroidManifest.xml:24:5-28:15
MERGED from [androidx.media:media:1.4.1] AndroidManifest.xml:24:5-28:15
intent#action:name:android.intent.action.INSERT+data:mimeType:vnd.android.cursor.item/event
ADDED from src/main/AndroidManifest.xml:37:9-40:18
action#android.intent.action.INSERT
ADDED from src/main/AndroidManifest.xml:38:13-67
	android:name
		ADDED from src/main/AndroidManifest.xml:38:21-64
data
ADDED from src/main/AndroidManifest.xml:39:13-70
	android:host
		ADDED from src/main/AndroidManifest.xml:83:21-51
	android:scheme
		ADDED from src/main/AndroidManifest.xml:82:21-48
	android:mimeType
		ADDED from src/main/AndroidManifest.xml:39:19-67
intent#action:name:android.intent.action.TTS_SERVICE
ADDED from src/main/AndroidManifest.xml:41:9-43:18
action#android.intent.action.TTS_SERVICE
ADDED from src/main/AndroidManifest.xml:42:13-72
	android:name
		ADDED from src/main/AndroidManifest.xml:42:21-69
provider
ADDED from src/main/AndroidManifest.xml:45:9-89
	android:authorities
		ADDED from src/main/AndroidManifest.xml:45:19-86
activity#com.askanacademy.MainActivity
ADDED from src/main/AndroidManifest.xml:59:9-89:20
	android:launchMode
		ADDED from src/main/AndroidManifest.xml:62:13-43
	android:hardwareAccelerated
		ADDED from src/main/AndroidManifest.xml:65:13-47
	android:windowSoftInputMode
		ADDED from src/main/AndroidManifest.xml:66:13-55
	android:exported
		ADDED from src/main/AndroidManifest.xml:61:13-36
	android:configChanges
		ADDED from src/main/AndroidManifest.xml:64:13-163
	android:theme
		ADDED from src/main/AndroidManifest.xml:63:13-47
	android:name
		ADDED from src/main/AndroidManifest.xml:60:13-41
meta-data#io.flutter.embedding.android.NormalTheme
ADDED from src/main/AndroidManifest.xml:68:13-70:54
	android:resource
		ADDED from src/main/AndroidManifest.xml:70:15-52
	android:name
		ADDED from src/main/AndroidManifest.xml:69:15-70
intent-filter#action:name:android.intent.action.MAIN+category:name:android.intent.category.LAUNCHER
ADDED from src/main/AndroidManifest.xml:71:13-74:29
action#android.intent.action.MAIN
ADDED from src/main/AndroidManifest.xml:72:17-68
	android:name
		ADDED from src/main/AndroidManifest.xml:72:25-66
category#android.intent.category.LAUNCHER
ADDED from src/main/AndroidManifest.xml:73:17-76
	android:name
		ADDED from src/main/AndroidManifest.xml:73:27-74
intent-filter#action:name:android.intent.action.VIEW+category:name:android.intent.category.BROWSABLE+category:name:android.intent.category.DEFAULT+data:host:payment-failed+data:host:payment-success+data:scheme:academyapp+data:scheme:academyapp
ADDED from src/main/AndroidManifest.xml:76:13-87:29
action#android.intent.action.VIEW
ADDED from src/main/AndroidManifest.xml:77:17-69
	android:name
		ADDED from src/main/AndroidManifest.xml:77:25-66
category#android.intent.category.DEFAULT
ADDED from src/main/AndroidManifest.xml:78:17-76
	android:name
		ADDED from src/main/AndroidManifest.xml:78:27-73
category#android.intent.category.BROWSABLE
ADDED from src/main/AndroidManifest.xml:79:17-78
	android:name
		ADDED from src/main/AndroidManifest.xml:79:27-75
meta-data#flutterEmbedding
ADDED from src/main/AndroidManifest.xml:92:9-94:33
	android:value
		ADDED from src/main/AndroidManifest.xml:94:13-30
	android:name
		ADDED from src/main/AndroidManifest.xml:93:13-44
meta-data#com.facebook.sdk.ApplicationId
ADDED from src/main/AndroidManifest.xml:97:9-107
	android:value
		ADDED from src/main/AndroidManifest.xml:97:66-105
	android:name
		ADDED from src/main/AndroidManifest.xml:97:20-65
meta-data#com.facebook.sdk.ClientToken
ADDED from src/main/AndroidManifest.xml:98:9-111
	android:value
		ADDED from src/main/AndroidManifest.xml:98:64-109
	android:name
		ADDED from src/main/AndroidManifest.xml:98:20-63
meta-data#android.support.FILE_PROVIDER_PATHS
ADDED from src/main/AndroidManifest.xml:106:13-108:58
	android:resource
		ADDED from src/main/AndroidManifest.xml:108:17-55
	android:name
		ADDED from src/main/AndroidManifest.xml:107:17-67
meta-data#com.google.firebase.messaging.default_notification_channel_id
ADDED from src/main/AndroidManifest.xml:111:9-113:55
	android:value
		ADDED from src/main/AndroidManifest.xml:113:13-52
	android:name
		ADDED from src/main/AndroidManifest.xml:112:13-89
meta-data#com.google.firebase.messaging.default_notification_icon
ADDED from src/main/AndroidManifest.xml:115:9-117:54
	android:resource